<?xml version="1.0" encoding="UTF-8"?>
<!-- Generated by org.testng.reporters.JUnitXMLReporter -->
<testsuite ignored="2" hostname="LAPTOP-S62J8JCV" failures="0" tests="3" name="OrangeHRMTest" time="28.911" errors="0" timestamp="2026-06-09T21:35:14 WIB">
  <testcase classname="com.orangehrm.test.DummyClass" name="dummyTest" time="0.01"/>
  <testcase classname="com.orangehrm.test.DummyClass2" name="dummyTest2" time="0.01"/>
  <testcase classname="com.orangehrm.test.LoginPageTest" name="verifyValidLoginTest" time="5.598"/>
  <testcase classname="com.orangehrm.base.BaseClass" name="@BeforeSuite loadConfig" time="0.0">
    <ignored/>
  </testcase> <!-- @BeforeSuite loadConfig -->
  <testcase classname="com.orangehrm.base.BaseClass" name="@BeforeSuite loadConfig" time="0.0">
    <ignored/>
  </testcase> <!-- @BeforeSuite loadConfig -->
</testsuite> <!-- OrangeHRMTest -->
