<?xml version="1.0" encoding="UTF-8"?>
<testsuite xmlns:xsi="http://www.w3.org/2001/XMLSchema-instance" xsi:noNamespaceSchemaLocation="https://maven.apache.org/surefire/maven-surefire-plugin/xsd/surefire-test-report.xsd" name="TestSuite" time="29.567" tests="3" errors="0" skipped="0" failures="0">
  <properties>
[...]
</properties>
  <testcase name="dummyTest" classname="com.orangehrm.test.DummyClass" time="0.011"/>
  <testcase name="dummyTest2" classname="com.orangehrm.test.DummyClass2" time="0.01"/>
  <testcase name="verifyValidLoginTest" classname="com.orangehrm.test.LoginPageTest" time="5.598"/>
</testsuite>