<?xml version="1.0" encoding="UTF-8"?>
<testng-results ignored="0" total="3" passed="3" failed="0" skipped="0">
  <reporter-output>
  </reporter-output>
  <suite started-at="2026-06-09T21:34:45 WIB" name="OrangeHRMSuite" finished-at="2026-06-09T21:35:14 WIB" duration-ms="28911">
    <groups>
    </groups>
    <test started-at="2026-06-09T21:34:45 WIB" name="OrangeHRMTest" finished-at="2026-06-09T21:35:14 WIB" duration-ms="28911">
      <class name="com.orangehrm.test.DummyClass">
        <test-method is-config="true" signature="loadConfig()[pri:0, instance:com.orangehrm.test.DummyClass@4b5d6a01]" started-at="2026-06-09T21:34:45 WIB" name="loadConfig" finished-at="2026-06-09T21:34:45 WIB" duration-ms="15" status="PASS">
          <reporter-output>
          </reporter-output>
        </test-method> <!-- loadConfig -->
        <test-method is-config="true" signature="setup()[pri:0, instance:com.orangehrm.test.DummyClass@4b5d6a01]" started-at="2026-06-09T21:34:45 WIB" name="setup" finished-at="2026-06-09T21:34:55 WIB" duration-ms="10231" status="PASS">
          <reporter-output>
          </reporter-output>
        </test-method> <!-- setup -->
        <test-method signature="dummyTest()[pri:0, instance:com.orangehrm.test.DummyClass@4b5d6a01]" started-at="2026-06-09T21:34:55 WIB" name="dummyTest" finished-at="2026-06-09T21:34:55 WIB" duration-ms="10" status="PASS">
          <reporter-output>
          </reporter-output>
        </test-method> <!-- dummyTest -->
        <test-method is-config="true" signature="tearDown()[pri:0, instance:com.orangehrm.test.DummyClass@4b5d6a01]" started-at="2026-06-09T21:34:55 WIB" name="tearDown" finished-at="2026-06-09T21:34:55 WIB" duration-ms="457" status="PASS">
          <reporter-output>
          </reporter-output>
        </test-method> <!-- tearDown -->
      </class> <!-- com.orangehrm.test.DummyClass -->
      <class name="com.orangehrm.test.DummyClass2">
        <test-method is-config="true" signature="setup()[pri:0, instance:com.orangehrm.test.DummyClass2@cd3fee8]" started-at="2026-06-09T21:34:55 WIB" name="setup" finished-at="2026-06-09T21:35:01 WIB" duration-ms="5953" status="PASS">
          <reporter-output>
          </reporter-output>
        </test-method> <!-- setup -->
        <test-method signature="dummyTest2()[pri:0, instance:com.orangehrm.test.DummyClass2@cd3fee8]" started-at="2026-06-09T21:35:01 WIB" name="dummyTest2" finished-at="2026-06-09T21:35:01 WIB" duration-ms="10" status="PASS">
          <reporter-output>
          </reporter-output>
        </test-method> <!-- dummyTest2 -->
        <test-method is-config="true" signature="tearDown()[pri:0, instance:com.orangehrm.test.DummyClass2@cd3fee8]" started-at="2026-06-09T21:35:01 WIB" name="tearDown" finished-at="2026-06-09T21:35:02 WIB" duration-ms="283" status="PASS">
          <reporter-output>
          </reporter-output>
        </test-method> <!-- tearDown -->
      </class> <!-- com.orangehrm.test.DummyClass2 -->
      <class name="com.orangehrm.test.LoginPageTest">
        <test-method is-config="true" signature="setup()[pri:0, instance:com.orangehrm.test.LoginPageTest@3e2e18f2]" started-at="2026-06-09T21:35:02 WIB" name="setup" finished-at="2026-06-09T21:35:08 WIB" duration-ms="6008" status="PASS">
          <reporter-output>
          </reporter-output>
        </test-method> <!-- setup -->
        <test-method is-config="true" signature="setupPages()[pri:0, instance:com.orangehrm.test.LoginPageTest@3e2e18f2]" started-at="2026-06-09T21:35:08 WIB" name="setupPages" finished-at="2026-06-09T21:35:08 WIB" duration-ms="9" status="PASS">
          <reporter-output>
          </reporter-output>
        </test-method> <!-- setupPages -->
        <test-method signature="verifyValidLoginTest()[pri:0, instance:com.orangehrm.test.LoginPageTest@3e2e18f2]" started-at="2026-06-09T21:35:08 WIB" name="verifyValidLoginTest" finished-at="2026-06-09T21:35:13 WIB" duration-ms="5598" status="PASS">
          <reporter-output>
          </reporter-output>
        </test-method> <!-- verifyValidLoginTest -->
        <test-method is-config="true" signature="tearDown()[pri:0, instance:com.orangehrm.test.LoginPageTest@3e2e18f2]" started-at="2026-06-09T21:35:13 WIB" name="tearDown" finished-at="2026-06-09T21:35:14 WIB" duration-ms="292" status="PASS">
          <reporter-output>
          </reporter-output>
        </test-method> <!-- tearDown -->
      </class> <!-- com.orangehrm.test.LoginPageTest -->
    </test> <!-- OrangeHRMTest -->
  </suite> <!-- OrangeHRMSuite -->
</testng-results>
